[debug] [2025-04-06T15:23:02.103Z] ----------------------------------------------------------------------
[debug] [2025-04-06T15:23:02.111Z] Command:       C:\Program Files\nodejs\node.exe C:\Users\Toshiba\AppData\Roaming\npm\node_modules\firebase-tools\lib\bin\firebase.js init
[debug] [2025-04-06T15:23:02.112Z] CLI Version:   14.1.0
[debug] [2025-04-06T15:23:02.113Z] Platform:      win32
[debug] [2025-04-06T15:23:02.113Z] Node Version:  v23.10.0
[debug] [2025-04-06T15:23:02.114Z] Time:          Sun Apr 06 2025 22:23:02 GMT+0700 (Western Indonesia Time)
[debug] [2025-04-06T15:23:02.114Z] ----------------------------------------------------------------------
[debug] 
[debug] [2025-04-06T15:23:02.133Z] > command requires scopes: ["email","openid","https://www.googleapis.com/auth/cloudplatformprojects.readonly","https://www.googleapis.com/auth/firebase","https://www.googleapis.com/auth/cloud-platform"]
[debug] [2025-04-06T15:23:02.134Z] > authorizing via signed-in user (maulharun@gmail.com)
[info] 
     ######## #### ########  ######## ########     ###     ######  ########
     ##        ##  ##     ## ##       ##     ##  ##   ##  ##       ##
     ######    ##  ########  ######   ########  #########  ######  ######
     ##        ##  ##    ##  ##       ##     ## ##     ##       ## ##
     ##       #### ##     ## ######## ########  ##     ##  ######  ########

You're about to initialize a Firebase project in this directory:

  C:\Users\Toshiba\Documents\ujicoba

[info] 
=== Project Setup
[info] 
[info] First, let's associate this project directory with a Firebase project.
[info] You can create multiple project aliases by running firebase use --add, 
[info] but for now we'll just set up a default project.
[info] 
